{"/home/chris/BuildTest/ui_garden_2.0/webd3012_coding_assignment13/src/components/Button/Button.tsx": {"path":"/home/chris/BuildTest/ui_garden_2.0/webd3012_coding_assignment13/src/components/Button/Button.tsx","statementMap":{"0":{"start":{"line":6,"column":21},"end":{"line":16,"column":1}},"1":{"start":{"line":7,"column":25},"end":{"line":7,"column":57}},"2":{"start":{"line":8,"column":20},"end":{"line":8,"column":60}},"3":{"start":{"line":9,"column":21},"end":{"line":9,"column":62}},"4":{"start":{"line":15,"column":23},"end":{"line":15,"column":52}},"5":{"start":{"line":19,"column":15},"end":{"line":25,"column":1}},"6":{"start":{"line":20,"column":2},"end":{"line":24,"column":6}}},"fnMap":{"0":{"name":"(anonymous_0)","decl":{"start":{"line":7,"column":16},"end":{"line":7,"column":17}},"loc":{"start":{"line":7,"column":25},"end":{"line":7,"column":57}},"line":7},"1":{"name":"(anonymous_1)","decl":{"start":{"line":8,"column":11},"end":{"line":8,"column":12}},"loc":{"start":{"line":8,"column":20},"end":{"line":8,"column":60}},"line":8},"2":{"name":"(anonymous_2)","decl":{"start":{"line":9,"column":12},"end":{"line":9,"column":13}},"loc":{"start":{"line":9,"column":21},"end":{"line":9,"column":62}},"line":9},"3":{"name":"(anonymous_3)","decl":{"start":{"line":15,"column":14},"end":{"line":15,"column":15}},"loc":{"start":{"line":15,"column":23},"end":{"line":15,"column":52}},"line":15},"4":{"name":"(anonymous_4)","decl":{"start":{"line":19,"column":39},"end":{"line":19,"column":40}},"loc":{"start":{"line":19,"column":79},"end":{"line":25,"column":1}},"line":19}},"branchMap":{"0":{"loc":{"start":{"line":7,"column":25},"end":{"line":7,"column":57}},"type":"cond-expr","locations":[{"start":{"line":7,"column":41},"end":{"line":7,"column":47}},{"start":{"line":7,"column":50},"end":{"line":7,"column":57}}],"line":7},"1":{"loc":{"start":{"line":8,"column":20},"end":{"line":8,"column":60}},"type":"cond-expr","locations":[{"start":{"line":8,"column":36},"end":{"line":8,"column":48}},{"start":{"line":8,"column":51},"end":{"line":8,"column":60}}],"line":8},"2":{"loc":{"start":{"line":9,"column":21},"end":{"line":9,"column":62}},"type":"cond-expr","locations":[{"start":{"line":9,"column":37},"end":{"line":9,"column":50}},{"start":{"line":9,"column":53},"end":{"line":9,"column":62}}],"line":9},"3":{"loc":{"start":{"line":15,"column":23},"end":{"line":15,"column":52}},"type":"cond-expr","locations":[{"start":{"line":15,"column":39},"end":{"line":15,"column":44}},{"start":{"line":15,"column":47},"end":{"line":15,"column":52}}],"line":15}},"s":{"0":1,"1":2,"2":2,"3":2,"4":2,"5":1,"6":2},"f":{"0":2,"1":2,"2":2,"3":2,"4":2},"b":{"0":[1,1],"1":[1,1],"2":[1,1],"3":[1,1]},"_coverageSchema":"1a1c01bbd47fc00a2c39e90264f33305004495a9","hash":"76369711b0bb5f553567cf5bdc62524174e7fb8d"}
,"/home/chris/BuildTest/ui_garden_2.0/webd3012_coding_assignment13/src/components/Card/Card.tsx": {"path":"/home/chris/BuildTest/ui_garden_2.0/webd3012_coding_assignment13/src/components/Card/Card.tsx","statementMap":{"0":{"start":{"line":9,"column":19},"end":{"line":19,"column":1}},"1":{"start":{"line":10,"column":25},"end":{"line":10,"column":62}},"2":{"start":{"line":11,"column":20},"end":{"line":11,"column":60}},"3":{"start":{"line":12,"column":21},"end":{"line":12,"column":62}},"4":{"start":{"line":18,"column":23},"end":{"line":18,"column":52}},"5":{"start":{"line":22,"column":13},"end":{"line":27,"column":1}},"6":{"start":{"line":23,"column":2},"end":{"line":26,"column":16}}},"fnMap":{"0":{"name":"(anonymous_0)","decl":{"start":{"line":10,"column":16},"end":{"line":10,"column":17}},"loc":{"start":{"line":10,"column":25},"end":{"line":10,"column":62}},"line":10},"1":{"name":"(anonymous_1)","decl":{"start":{"line":11,"column":11},"end":{"line":11,"column":12}},"loc":{"start":{"line":11,"column":20},"end":{"line":11,"column":60}},"line":11},"2":{"name":"(anonymous_2)","decl":{"start":{"line":12,"column":12},"end":{"line":12,"column":13}},"loc":{"start":{"line":12,"column":21},"end":{"line":12,"column":62}},"line":12},"3":{"name":"(anonymous_3)","decl":{"start":{"line":18,"column":14},"end":{"line":18,"column":15}},"loc":{"start":{"line":18,"column":23},"end":{"line":18,"column":52}},"line":18},"4":{"name":"(anonymous_4)","decl":{"start":{"line":22,"column":35},"end":{"line":22,"column":36}},"loc":{"start":{"line":22,"column":84},"end":{"line":27,"column":1}},"line":22}},"branchMap":{"0":{"loc":{"start":{"line":10,"column":25},"end":{"line":10,"column":62}},"type":"cond-expr","locations":[{"start":{"line":10,"column":41},"end":{"line":10,"column":47}},{"start":{"line":10,"column":50},"end":{"line":10,"column":62}}],"line":10},"1":{"loc":{"start":{"line":11,"column":20},"end":{"line":11,"column":60}},"type":"cond-expr","locations":[{"start":{"line":11,"column":36},"end":{"line":11,"column":48}},{"start":{"line":11,"column":51},"end":{"line":11,"column":60}}],"line":11},"2":{"loc":{"start":{"line":12,"column":21},"end":{"line":12,"column":62}},"type":"cond-expr","locations":[{"start":{"line":12,"column":37},"end":{"line":12,"column":50}},{"start":{"line":12,"column":53},"end":{"line":12,"column":62}}],"line":12},"3":{"loc":{"start":{"line":18,"column":23},"end":{"line":18,"column":52}},"type":"cond-expr","locations":[{"start":{"line":18,"column":39},"end":{"line":18,"column":44}},{"start":{"line":18,"column":47},"end":{"line":18,"column":52}}],"line":18}},"s":{"0":1,"1":2,"2":2,"3":2,"4":2,"5":1,"6":2},"f":{"0":2,"1":2,"2":2,"3":2,"4":2},"b":{"0":[1,1],"1":[1,1],"2":[1,1],"3":[1,1]},"_coverageSchema":"1a1c01bbd47fc00a2c39e90264f33305004495a9","hash":"f68ac23688e8e67372e0244d81c6ccf5f729fa5d"}
,"/home/chris/BuildTest/ui_garden_2.0/webd3012_coding_assignment13/src/components/Card/Card.types.ts": {"path":"/home/chris/BuildTest/ui_garden_2.0/webd3012_coding_assignment13/src/components/Card/Card.types.ts","statementMap":{},"fnMap":{},"branchMap":{},"s":{},"f":{},"b":{},"_coverageSchema":"1a1c01bbd47fc00a2c39e90264f33305004495a9","hash":"f2d49f871eb75a38c9415742c5ab559b48713e1a"}
,"/home/chris/BuildTest/ui_garden_2.0/webd3012_coding_assignment13/src/components/Dropdown/Dropdown.tsx": {"path":"/home/chris/BuildTest/ui_garden_2.0/webd3012_coding_assignment13/src/components/Dropdown/Dropdown.tsx","statementMap":{"0":{"start":{"line":9,"column":23},"end":{"line":19,"column":1}},"1":{"start":{"line":10,"column":25},"end":{"line":10,"column":62}},"2":{"start":{"line":11,"column":20},"end":{"line":11,"column":60}},"3":{"start":{"line":12,"column":21},"end":{"line":12,"column":62}},"4":{"start":{"line":18,"column":23},"end":{"line":18,"column":52}},"5":{"start":{"line":22,"column":17},"end":{"line":32,"column":1}},"6":{"start":{"line":23,"column":2},"end":{"line":31,"column":4}},"7":{"start":{"line":26,"column":8},"end":{"line":28,"column":17}}},"fnMap":{"0":{"name":"(anonymous_0)","decl":{"start":{"line":10,"column":16},"end":{"line":10,"column":17}},"loc":{"start":{"line":10,"column":25},"end":{"line":10,"column":62}},"line":10},"1":{"name":"(anonymous_1)","decl":{"start":{"line":11,"column":11},"end":{"line":11,"column":12}},"loc":{"start":{"line":11,"column":20},"end":{"line":11,"column":60}},"line":11},"2":{"name":"(anonymous_2)","decl":{"start":{"line":12,"column":12},"end":{"line":12,"column":13}},"loc":{"start":{"line":12,"column":21},"end":{"line":12,"column":62}},"line":12},"3":{"name":"(anonymous_3)","decl":{"start":{"line":18,"column":14},"end":{"line":18,"column":15}},"loc":{"start":{"line":18,"column":23},"end":{"line":18,"column":52}},"line":18},"4":{"name":"(anonymous_4)","decl":{"start":{"line":22,"column":43},"end":{"line":22,"column":44}},"loc":{"start":{"line":22,"column":85},"end":{"line":32,"column":1}},"line":22},"5":{"name":"(anonymous_5)","decl":{"start":{"line":25,"column":19},"end":{"line":25,"column":20}},"loc":{"start":{"line":26,"column":8},"end":{"line":28,"column":17}},"line":26}},"branchMap":{"0":{"loc":{"start":{"line":10,"column":25},"end":{"line":10,"column":62}},"type":"cond-expr","locations":[{"start":{"line":10,"column":41},"end":{"line":10,"column":47}},{"start":{"line":10,"column":50},"end":{"line":10,"column":62}}],"line":10},"1":{"loc":{"start":{"line":11,"column":20},"end":{"line":11,"column":60}},"type":"cond-expr","locations":[{"start":{"line":11,"column":36},"end":{"line":11,"column":48}},{"start":{"line":11,"column":51},"end":{"line":11,"column":60}}],"line":11},"2":{"loc":{"start":{"line":12,"column":21},"end":{"line":12,"column":62}},"type":"cond-expr","locations":[{"start":{"line":12,"column":37},"end":{"line":12,"column":50}},{"start":{"line":12,"column":53},"end":{"line":12,"column":62}}],"line":12},"3":{"loc":{"start":{"line":18,"column":23},"end":{"line":18,"column":52}},"type":"cond-expr","locations":[{"start":{"line":18,"column":39},"end":{"line":18,"column":44}},{"start":{"line":18,"column":47},"end":{"line":18,"column":52}}],"line":18}},"s":{"0":1,"1":2,"2":2,"3":2,"4":2,"5":1,"6":2,"7":6},"f":{"0":2,"1":2,"2":2,"3":2,"4":2,"5":6},"b":{"0":[1,1],"1":[1,1],"2":[1,1],"3":[1,1]},"_coverageSchema":"1a1c01bbd47fc00a2c39e90264f33305004495a9","hash":"a273594e9d0e5e4ef98aeaf76ffca7c67b503bf3"}
,"/home/chris/BuildTest/ui_garden_2.0/webd3012_coding_assignment13/src/components/Dropdown/Dropdown.types.ts": {"path":"/home/chris/BuildTest/ui_garden_2.0/webd3012_coding_assignment13/src/components/Dropdown/Dropdown.types.ts","statementMap":{},"fnMap":{},"branchMap":{},"s":{},"f":{},"b":{},"_coverageSchema":"1a1c01bbd47fc00a2c39e90264f33305004495a9","hash":"63f89f1a835663d00f0e47a99eedc651bf9494e7"}
,"/home/chris/BuildTest/ui_garden_2.0/webd3012_coding_assignment13/src/components/Label/Label.tsx": {"path":"/home/chris/BuildTest/ui_garden_2.0/webd3012_coding_assignment13/src/components/Label/Label.tsx","statementMap":{"0":{"start":{"line":6,"column":20},"end":{"line":13,"column":1}},"1":{"start":{"line":7,"column":20},"end":{"line":7,"column":60}},"2":{"start":{"line":8,"column":21},"end":{"line":8,"column":62}},"3":{"start":{"line":12,"column":23},"end":{"line":12,"column":52}},"4":{"start":{"line":16,"column":14},"end":{"line":22,"column":1}},"5":{"start":{"line":17,"column":2},"end":{"line":21,"column":6}}},"fnMap":{"0":{"name":"(anonymous_0)","decl":{"start":{"line":7,"column":11},"end":{"line":7,"column":12}},"loc":{"start":{"line":7,"column":20},"end":{"line":7,"column":60}},"line":7},"1":{"name":"(anonymous_1)","decl":{"start":{"line":8,"column":12},"end":{"line":8,"column":13}},"loc":{"start":{"line":8,"column":21},"end":{"line":8,"column":62}},"line":8},"2":{"name":"(anonymous_2)","decl":{"start":{"line":12,"column":14},"end":{"line":12,"column":15}},"loc":{"start":{"line":12,"column":23},"end":{"line":12,"column":52}},"line":12},"3":{"name":"(anonymous_3)","decl":{"start":{"line":16,"column":37},"end":{"line":16,"column":38}},"loc":{"start":{"line":16,"column":77},"end":{"line":22,"column":1}},"line":16}},"branchMap":{"0":{"loc":{"start":{"line":7,"column":20},"end":{"line":7,"column":60}},"type":"cond-expr","locations":[{"start":{"line":7,"column":36},"end":{"line":7,"column":48}},{"start":{"line":7,"column":51},"end":{"line":7,"column":60}}],"line":7},"1":{"loc":{"start":{"line":8,"column":21},"end":{"line":8,"column":62}},"type":"cond-expr","locations":[{"start":{"line":8,"column":37},"end":{"line":8,"column":50}},{"start":{"line":8,"column":53},"end":{"line":8,"column":62}}],"line":8},"2":{"loc":{"start":{"line":12,"column":23},"end":{"line":12,"column":52}},"type":"cond-expr","locations":[{"start":{"line":12,"column":39},"end":{"line":12,"column":44}},{"start":{"line":12,"column":47},"end":{"line":12,"column":52}}],"line":12}},"s":{"0":1,"1":2,"2":2,"3":2,"4":1,"5":2},"f":{"0":2,"1":2,"2":2,"3":2},"b":{"0":[1,1],"1":[1,1],"2":[1,1]},"_coverageSchema":"1a1c01bbd47fc00a2c39e90264f33305004495a9","hash":"e641d652984d639bf18572ecfb5fcc4d505b7437"}
,"/home/chris/BuildTest/ui_garden_2.0/webd3012_coding_assignment13/src/components/Radio/Radio.tsx": {"path":"/home/chris/BuildTest/ui_garden_2.0/webd3012_coding_assignment13/src/components/Radio/Radio.tsx","statementMap":{"0":{"start":{"line":9,"column":20},"end":{"line":19,"column":1}},"1":{"start":{"line":10,"column":25},"end":{"line":10,"column":62}},"2":{"start":{"line":11,"column":20},"end":{"line":11,"column":60}},"3":{"start":{"line":12,"column":21},"end":{"line":12,"column":62}},"4":{"start":{"line":18,"column":23},"end":{"line":18,"column":52}},"5":{"start":{"line":22,"column":14},"end":{"line":27,"column":1}},"6":{"start":{"line":23,"column":2},"end":{"line":26,"column":17}}},"fnMap":{"0":{"name":"(anonymous_0)","decl":{"start":{"line":10,"column":16},"end":{"line":10,"column":17}},"loc":{"start":{"line":10,"column":25},"end":{"line":10,"column":62}},"line":10},"1":{"name":"(anonymous_1)","decl":{"start":{"line":11,"column":11},"end":{"line":11,"column":12}},"loc":{"start":{"line":11,"column":20},"end":{"line":11,"column":60}},"line":11},"2":{"name":"(anonymous_2)","decl":{"start":{"line":12,"column":12},"end":{"line":12,"column":13}},"loc":{"start":{"line":12,"column":21},"end":{"line":12,"column":62}},"line":12},"3":{"name":"(anonymous_3)","decl":{"start":{"line":18,"column":14},"end":{"line":18,"column":15}},"loc":{"start":{"line":18,"column":23},"end":{"line":18,"column":52}},"line":18},"4":{"name":"(anonymous_4)","decl":{"start":{"line":22,"column":37},"end":{"line":22,"column":38}},"loc":{"start":{"line":22,"column":77},"end":{"line":27,"column":1}},"line":22}},"branchMap":{"0":{"loc":{"start":{"line":10,"column":25},"end":{"line":10,"column":62}},"type":"cond-expr","locations":[{"start":{"line":10,"column":41},"end":{"line":10,"column":47}},{"start":{"line":10,"column":50},"end":{"line":10,"column":62}}],"line":10},"1":{"loc":{"start":{"line":11,"column":20},"end":{"line":11,"column":60}},"type":"cond-expr","locations":[{"start":{"line":11,"column":36},"end":{"line":11,"column":48}},{"start":{"line":11,"column":51},"end":{"line":11,"column":60}}],"line":11},"2":{"loc":{"start":{"line":12,"column":21},"end":{"line":12,"column":62}},"type":"cond-expr","locations":[{"start":{"line":12,"column":37},"end":{"line":12,"column":50}},{"start":{"line":12,"column":53},"end":{"line":12,"column":62}}],"line":12},"3":{"loc":{"start":{"line":18,"column":23},"end":{"line":18,"column":52}},"type":"cond-expr","locations":[{"start":{"line":18,"column":39},"end":{"line":18,"column":44}},{"start":{"line":18,"column":47},"end":{"line":18,"column":52}}],"line":18}},"s":{"0":1,"1":2,"2":2,"3":2,"4":2,"5":1,"6":2},"f":{"0":2,"1":2,"2":2,"3":2,"4":2},"b":{"0":[1,1],"1":[1,1],"2":[1,1],"3":[1,1]},"_coverageSchema":"1a1c01bbd47fc00a2c39e90264f33305004495a9","hash":"c1d0feacb66ac139b8b8e09bfa341e3d7ac75b41"}
,"/home/chris/BuildTest/ui_garden_2.0/webd3012_coding_assignment13/src/components/Radio/Radio.types.ts": {"path":"/home/chris/BuildTest/ui_garden_2.0/webd3012_coding_assignment13/src/components/Radio/Radio.types.ts","statementMap":{},"fnMap":{},"branchMap":{},"s":{},"f":{},"b":{},"_coverageSchema":"1a1c01bbd47fc00a2c39e90264f33305004495a9","hash":"529d7b1175bbf4e59f2b8929d11949e9fd9555a6"}
,"/home/chris/BuildTest/ui_garden_2.0/webd3012_coding_assignment13/src/components/Text/Text.tsx": {"path":"/home/chris/BuildTest/ui_garden_2.0/webd3012_coding_assignment13/src/components/Text/Text.tsx","statementMap":{"0":{"start":{"line":6,"column":19},"end":{"line":14,"column":1}},"1":{"start":{"line":7,"column":25},"end":{"line":7,"column":57}},"2":{"start":{"line":8,"column":20},"end":{"line":8,"column":60}},"3":{"start":{"line":9,"column":21},"end":{"line":9,"column":62}},"4":{"start":{"line":13,"column":23},"end":{"line":13,"column":52}},"5":{"start":{"line":17,"column":13},"end":{"line":23,"column":1}},"6":{"start":{"line":18,"column":2},"end":{"line":22,"column":6}}},"fnMap":{"0":{"name":"(anonymous_0)","decl":{"start":{"line":7,"column":16},"end":{"line":7,"column":17}},"loc":{"start":{"line":7,"column":25},"end":{"line":7,"column":57}},"line":7},"1":{"name":"(anonymous_1)","decl":{"start":{"line":8,"column":11},"end":{"line":8,"column":12}},"loc":{"start":{"line":8,"column":20},"end":{"line":8,"column":60}},"line":8},"2":{"name":"(anonymous_2)","decl":{"start":{"line":9,"column":12},"end":{"line":9,"column":13}},"loc":{"start":{"line":9,"column":21},"end":{"line":9,"column":62}},"line":9},"3":{"name":"(anonymous_3)","decl":{"start":{"line":13,"column":14},"end":{"line":13,"column":15}},"loc":{"start":{"line":13,"column":23},"end":{"line":13,"column":52}},"line":13},"4":{"name":"(anonymous_4)","decl":{"start":{"line":17,"column":35},"end":{"line":17,"column":36}},"loc":{"start":{"line":17,"column":75},"end":{"line":23,"column":1}},"line":17}},"branchMap":{"0":{"loc":{"start":{"line":7,"column":25},"end":{"line":7,"column":57}},"type":"cond-expr","locations":[{"start":{"line":7,"column":41},"end":{"line":7,"column":47}},{"start":{"line":7,"column":50},"end":{"line":7,"column":57}}],"line":7},"1":{"loc":{"start":{"line":8,"column":20},"end":{"line":8,"column":60}},"type":"cond-expr","locations":[{"start":{"line":8,"column":36},"end":{"line":8,"column":48}},{"start":{"line":8,"column":51},"end":{"line":8,"column":60}}],"line":8},"2":{"loc":{"start":{"line":9,"column":21},"end":{"line":9,"column":62}},"type":"cond-expr","locations":[{"start":{"line":9,"column":37},"end":{"line":9,"column":50}},{"start":{"line":9,"column":53},"end":{"line":9,"column":62}}],"line":9},"3":{"loc":{"start":{"line":13,"column":23},"end":{"line":13,"column":52}},"type":"cond-expr","locations":[{"start":{"line":13,"column":39},"end":{"line":13,"column":44}},{"start":{"line":13,"column":47},"end":{"line":13,"column":52}}],"line":13}},"s":{"0":1,"1":2,"2":2,"3":2,"4":2,"5":1,"6":2},"f":{"0":2,"1":2,"2":2,"3":2,"4":2},"b":{"0":[1,1],"1":[1,1],"2":[1,1],"3":[1,1]},"_coverageSchema":"1a1c01bbd47fc00a2c39e90264f33305004495a9","hash":"80713ac1671b8a8d3aab07da051bc09195cc5002"}
}
