TN:
SF:src/components/Button/Button.tsx
FN:7,(anonymous_0)
FN:8,(anonymous_1)
FN:9,(anonymous_2)
FN:15,(anonymous_3)
FN:19,(anonymous_4)
FNF:5
FNH:5
FNDA:2,(anonymous_0)
FNDA:2,(anonymous_1)
FNDA:2,(anonymous_2)
FNDA:2,(anonymous_3)
FNDA:2,(anonymous_4)
DA:6,1
DA:7,2
DA:8,2
DA:9,2
DA:15,2
DA:19,1
DA:20,2
LF:7
LH:7
BRDA:7,0,0,1
BRDA:7,0,1,1
BRDA:8,1,0,1
BRDA:8,1,1,1
BRDA:9,2,0,1
BRDA:9,2,1,1
BRDA:15,3,0,1
BRDA:15,3,1,1
BRF:8
BRH:8
end_of_record
TN:
SF:src/components/Card/Card.tsx
FN:10,(anonymous_0)
FN:11,(anonymous_1)
FN:12,(anonymous_2)
FN:18,(anonymous_3)
FN:22,(anonymous_4)
FNF:5
FNH:5
FNDA:2,(anonymous_0)
FNDA:2,(anonymous_1)
FNDA:2,(anonymous_2)
FNDA:2,(anonymous_3)
FNDA:2,(anonymous_4)
DA:9,1
DA:10,2
DA:11,2
DA:12,2
DA:18,2
DA:22,1
DA:23,2
LF:7
LH:7
BRDA:10,0,0,1
BRDA:10,0,1,1
BRDA:11,1,0,1
BRDA:11,1,1,1
BRDA:12,2,0,1
BRDA:12,2,1,1
BRDA:18,3,0,1
BRDA:18,3,1,1
BRF:8
BRH:8
end_of_record
TN:
SF:src/components/Card/Card.types.ts
FNF:0
FNH:0
LF:0
LH:0
BRF:0
BRH:0
end_of_record
TN:
SF:src/components/Dropdown/Dropdown.tsx
FN:10,(anonymous_0)
FN:11,(anonymous_1)
FN:12,(anonymous_2)
FN:18,(anonymous_3)
FN:22,(anonymous_4)
FN:25,(anonymous_5)
FNF:6
FNH:6
FNDA:2,(anonymous_0)
FNDA:2,(anonymous_1)
FNDA:2,(anonymous_2)
FNDA:2,(anonymous_3)
FNDA:2,(anonymous_4)
FNDA:6,(anonymous_5)
DA:9,1
DA:10,2
DA:11,2
DA:12,2
DA:18,2
DA:22,1
DA:23,2
DA:26,6
LF:8
LH:8
BRDA:10,0,0,1
BRDA:10,0,1,1
BRDA:11,1,0,1
BRDA:11,1,1,1
BRDA:12,2,0,1
BRDA:12,2,1,1
BRDA:18,3,0,1
BRDA:18,3,1,1
BRF:8
BRH:8
end_of_record
TN:
SF:src/components/Dropdown/Dropdown.types.ts
FNF:0
FNH:0
LF:0
LH:0
BRF:0
BRH:0
end_of_record
TN:
SF:src/components/Label/Label.tsx
FN:7,(anonymous_0)
FN:8,(anonymous_1)
FN:12,(anonymous_2)
FN:16,(anonymous_3)
FNF:4
FNH:4
FNDA:2,(anonymous_0)
FNDA:2,(anonymous_1)
FNDA:2,(anonymous_2)
FNDA:2,(anonymous_3)
DA:6,1
DA:7,2
DA:8,2
DA:12,2
DA:16,1
DA:17,2
LF:6
LH:6
BRDA:7,0,0,1
BRDA:7,0,1,1
BRDA:8,1,0,1
BRDA:8,1,1,1
BRDA:12,2,0,1
BRDA:12,2,1,1
BRF:6
BRH:6
end_of_record
TN:
SF:src/components/Radio/Radio.tsx
FN:10,(anonymous_0)
FN:11,(anonymous_1)
FN:12,(anonymous_2)
FN:18,(anonymous_3)
FN:22,(anonymous_4)
FNF:5
FNH:5
FNDA:2,(anonymous_0)
FNDA:2,(anonymous_1)
FNDA:2,(anonymous_2)
FNDA:2,(anonymous_3)
FNDA:2,(anonymous_4)
DA:9,1
DA:10,2
DA:11,2
DA:12,2
DA:18,2
DA:22,1
DA:23,2
LF:7
LH:7
BRDA:10,0,0,1
BRDA:10,0,1,1
BRDA:11,1,0,1
BRDA:11,1,1,1
BRDA:12,2,0,1
BRDA:12,2,1,1
BRDA:18,3,0,1
BRDA:18,3,1,1
BRF:8
BRH:8
end_of_record
TN:
SF:src/components/Radio/Radio.types.ts
FNF:0
FNH:0
LF:0
LH:0
BRF:0
BRH:0
end_of_record
TN:
SF:src/components/Text/Text.tsx
FN:7,(anonymous_0)
FN:8,(anonymous_1)
FN:9,(anonymous_2)
FN:13,(anonymous_3)
FN:17,(anonymous_4)
FNF:5
FNH:5
FNDA:2,(anonymous_0)
FNDA:2,(anonymous_1)
FNDA:2,(anonymous_2)
FNDA:2,(anonymous_3)
FNDA:2,(anonymous_4)
DA:6,1
DA:7,2
DA:8,2
DA:9,2
DA:13,2
DA:17,1
DA:18,2
LF:7
LH:7
BRDA:7,0,0,1
BRDA:7,0,1,1
BRDA:8,1,0,1
BRDA:8,1,1,1
BRDA:9,2,0,1
BRDA:9,2,1,1
BRDA:13,3,0,1
BRDA:13,3,1,1
BRF:8
BRH:8
end_of_record
